<?xml version="1.0" encoding="UTF-8" standalone="no"?>
<testsuite failures="0" name="cucumber.runtime.formatter.JUnitFormatter" skipped="0" tests="1" time="30.928656">
<testcase classname="Search automation" name="Login Functionality" time="30.928656">
<system-out><![CDATA[Given user navigates to https://www.molnlycke.com/..........................passed
Then user clicks on I agree button..........................................passed
Then user verifies title....................................................passed
Then user clicks on search button...........................................passed
]]></system-out>
</testcase>
</testsuite>
