<?xml version="1.0" encoding="UTF-8"?>
<testsuite failures="0" name="cucumber.runtime.formatter.JUnitFormatter" skipped="0" tests="1" time="29.346721">
<testcase classname="Search functionality validation" name="Search Functionality" time="29.346721">
<system-out><![CDATA[Given user navigates to "https://www.molnlycke.com/"........................passed
When user verifies the heading "Proving it every day".......................passed
Then user clicks on search..................................................passed
And user verifies the title "Mölnlycke | Proving it every day"..............passed
Then user enters the product to be searched "biogel gloves".................passed
And user verifies the searchtitle "Mölnlycke | Search"......................passed
And user verifies the records count "8 results found".......................passed
When user clicks on searchlink "https://www.molnlycke.com/products-and-solutions/surgical-solutions/biogel-gloves/".passed
Then user exits.............................................................passed
]]></system-out>
</testcase>
</testsuite>
